\BOOKMARK [0][-]{chapter*.2}{Preface}{}% 1
\BOOKMARK [0][-]{chapter.1}{The Earth System}{}% 2
\BOOKMARK [1][-]{section.1.1}{The Sun's Energy and the Earth's Temperature}{chapter.1}% 3
\BOOKMARK [2][-]{subsection.1.1.1}{The Spectrum of Light Entering and Exiting the Earth's Surface}{section.1.1}% 4
\BOOKMARK [2][-]{subsection.1.1.2}{The Atmosphere and Greenhouse Effect}{section.1.1}% 5
\BOOKMARK [1][-]{section.1.2}{Carbon Biogeochemistry}{chapter.1}% 6
\BOOKMARK [2][-]{subsection.1.2.1}{Long and Short Time Scales}{section.1.2}% 7
\BOOKMARK [2][-]{subsection.1.2.2}{Rock Cycle and Geologic Carbon}{section.1.2}% 8
\BOOKMARK [2][-]{subsection.1.2.3}{Photosynthesis, Respiration, and Biosphere Carbon}{section.1.2}% 9
\BOOKMARK [1][-]{section.1.3}{Fossil Fuels and Carbon Dioxide Trends}{chapter.1}% 10
\BOOKMARK [2][-]{subsection.1.3.1}{The Signal of Geologic and Biosphere Carbon in Atmosphere}{section.1.3}% 11
\BOOKMARK [0][-]{chapter.2}{Monsoons and East Asia Climates}{}% 12
\BOOKMARK [1][-]{section.2.1}{Temperature Gradients and Latitude}{chapter.2}% 13
\BOOKMARK [2][-]{subsection.2.1.1}{Monsoon \205 Dominant Climate for SE Asia}{section.2.1}% 14
\BOOKMARK [0][-]{chapter.3}{Critical Zone}{}% 15
\BOOKMARK [1][-]{section.3.1}{What is the Critical Zone}{chapter.3}% 16
\BOOKMARK [2][-]{subsection.3.1.1}{What are the environmental implications of the Critical Zone?}{section.3.1}% 17
\BOOKMARK [1][-]{section.3.2}{Hydrologic Aspects}{chapter.3}% 18
\BOOKMARK [2][-]{subsection.3.2.1}{Subsurface Hydrology}{section.3.2}% 19
\BOOKMARK [2][-]{subsection.3.2.2}{Saturated Zone}{section.3.2}% 20
\BOOKMARK [2][-]{subsection.3.2.3}{The Vadose Zone}{section.3.2}% 21
\BOOKMARK [0][-]{chapter.4}{Land Use Change and Monitoring}{}% 22
\BOOKMARK [1][-]{section.4.1}{Example of a Place: Urbanization and Land Use Change in Shenzhen, China}{chapter.4}% 23
\BOOKMARK [1][-]{section.4.2}{What is Land Use Change?}{chapter.4}% 24
\BOOKMARK [2][-]{subsection.4.2.1}{What Factors Drive Land Use Change?}{section.4.2}% 25
\BOOKMARK [2][-]{subsection.4.2.2}{How is Land Use Change Measured and Quantified?}{section.4.2}% 26
\BOOKMARK [1][-]{section.4.3}{The Science, Art, and History of Remote Sensing}{chapter.4}% 27
\BOOKMARK [2][-]{subsection.4.3.1}{Invention of Aerial Photography: Pigeons, Kites, Balloons}{section.4.3}% 28
\BOOKMARK [2][-]{subsection.4.3.2}{Remote Sensing in the Early-to-Mid 20th Century and Military Reconnaissance}{section.4.3}% 29
\BOOKMARK [2][-]{subsection.4.3.3}{Satellites in Space: Remotely Sensed Earth Observations}{section.4.3}% 30
\BOOKMARK [2][-]{subsection.4.3.4}{Critical Remote Sensing}{section.4.3}% 31
\BOOKMARK [1][-]{section.4.4}{Ecological Effects of Land Use Change on Soil, Air, and Water}{chapter.4}% 32
\BOOKMARK [2][-]{subsection.4.4.1}{An Introduction to Land Use Change}{section.4.4}% 33
\BOOKMARK [2][-]{subsection.4.4.2}{Impacts of Agriculture on Soil, Air, and Hydrological Cycles}{section.4.4}% 34
\BOOKMARK [1][-]{section.4.5}{Regeneration Efforts in the Loess Plateau, China}{chapter.4}% 35
\BOOKMARK [2][-]{subsection.4.5.1}{The Cradle of Eastern Civilization}{section.4.5}% 36
\BOOKMARK [2][-]{subsection.4.5.2}{Beginnings of Modern-Day Restoration}{section.4.5}% 37
\BOOKMARK [2][-]{subsection.4.5.3}{Importance of Grasslands and Cautions Against Afforestation}{section.4.5}% 38
\BOOKMARK [1][-]{section.4.6}{How GIS Can Be Used to Inform Loess Plateau Restoration}{chapter.4}% 39
\BOOKMARK [1][-]{section.4.7}{Conclusion \046 Prospect of Sustainable Urbanization/Land Use Change}{chapter.4}% 40
\BOOKMARK [0][-]{chapter.5}{Deforestation}{}% 41
\BOOKMARK [1][-]{section.5.1}{Overall}{chapter.5}% 42
\BOOKMARK [1][-]{section.5.2}{Damage Done by Deforestation – Example of China}{chapter.5}% 43
\BOOKMARK [1][-]{section.5.3}{Overall Losses – Example of Indonesia and Thailand}{chapter.5}% 44
\BOOKMARK [1][-]{section.5.4}{Correlation Between Deforestation and Pandemic}{chapter.5}% 45
\BOOKMARK [1][-]{section.5.5}{Data Proving the Damage of Deforestation as a Broader Picture and Policy Implemented}{chapter.5}% 46
\BOOKMARK [1][-]{section.5.6}{Suggestions}{chapter.5}% 47
\BOOKMARK [1][-]{section.5.7}{Overall}{chapter.5}% 48
\BOOKMARK [1][-]{section.5.8}{Damage Done by Deforestation – Example of China}{chapter.5}% 49
\BOOKMARK [1][-]{section.5.9}{Overall Losses – Example of Indonesia and Thailand}{chapter.5}% 50
\BOOKMARK [1][-]{section.5.10}{Correlation Between Deforestation and Pandemic}{chapter.5}% 51
\BOOKMARK [1][-]{section.5.11}{Data Proving the Damage of Deforestation as a Broader Picture and Policy Implemented}{chapter.5}% 52
\BOOKMARK [1][-]{section.5.12}{Suggestions}{chapter.5}% 53
\BOOKMARK [0][-]{chapter.6}{Invasive Species}{}% 54
\BOOKMARK [1][-]{section.6.1}{Introduction}{chapter.6}% 55
\BOOKMARK [1][-]{section.6.2}{Biodiversity}{chapter.6}% 56
\BOOKMARK [1][-]{section.6.3}{Invasive Species In East-Asia}{chapter.6}% 57
\BOOKMARK [1][-]{section.6.4}{Invasive Species Effecting Other Regions}{chapter.6}% 58
\BOOKMARK [1][-]{section.6.5}{Efforts Against Invasive Species}{chapter.6}% 59
\BOOKMARK [0][-]{chapter.7}{Flood Pulse System of the Mekong River and Tonle Sap}{}% 60
\BOOKMARK [1][-]{section.7.1}{Introducing the Mekong and Tonle Sap}{chapter.7}% 61
\BOOKMARK [2][-]{subsection.7.1.1}{The River-Lake System}{section.7.1}% 62
\BOOKMARK [1][-]{section.7.2}{What is the Flood Pulse System?}{chapter.7}% 63
\BOOKMARK [2][-]{subsection.7.2.1}{Habitats in the Flood-Pulse System}{section.7.2}% 64
\BOOKMARK [2][-]{subsection.7.2.2}{Organisms}{section.7.2}% 65
\BOOKMARK [2][-]{subsection.7.2.3}{Nutrient Patterns}{section.7.2}% 66
\BOOKMARK [2][-]{subsection.7.2.4}{Hydrology}{section.7.2}% 67
\BOOKMARK [1][-]{section.7.3}{People and the Flood Pulse System}{chapter.7}% 68
\BOOKMARK [2][-]{subsection.7.3.1}{Anthropology}{section.7.3}% 69
\BOOKMARK [2][-]{subsection.7.3.2}{Human Impacts on the Flood Pulse System}{section.7.3}% 70
\BOOKMARK [0][-]{chapter.8}{Hydroelectric Dams in East Asia}{}% 71
\BOOKMARK [1][-]{section.8.1}{Former Residents of Balui}{chapter.8}% 72
\BOOKMARK [2][-]{subsection.8.1.1}{On Survival}{section.8.1}% 73
\BOOKMARK [2][-]{subsection.8.1.2}{On Social Change and Economic Development}{section.8.1}% 74
\BOOKMARK [2][-]{subsection.8.1.3}{On Returning Home}{section.8.1}% 75
\BOOKMARK [1][-]{section.8.2}{Introduction}{chapter.8}% 76
\BOOKMARK [1][-]{section.8.3}{Dam Function}{chapter.8}% 77
\BOOKMARK [2][-]{subsection.8.3.1}{Hydroelectric Generators}{section.8.3}% 78
\BOOKMARK [2][-]{subsection.8.3.2}{Dam Type}{section.8.3}% 79
\BOOKMARK [2][-]{subsection.8.3.3}{Energy}{section.8.3}% 80
\BOOKMARK [2][-]{subsection.8.3.4}{Megawatts and Electricity Usage}{section.8.3}% 81
\BOOKMARK [1][-]{section.8.4}{Three Gorges Dam}{chapter.8}% 82
\BOOKMARK [2][-]{subsection.8.4.1}{Hazards and Flooding}{section.8.4}% 83
\BOOKMARK [2][-]{subsection.8.4.2}{Displacement}{section.8.4}% 84
\BOOKMARK [2][-]{subsection.8.4.3}{Schistosomiasis}{section.8.4}% 85
\BOOKMARK [2][-]{subsection.8.4.4}{Eutrophication}{section.8.4}% 86
\BOOKMARK [1][-]{section.8.5}{Social Systems and Infrastructure}{chapter.8}% 87
\BOOKMARK [2][-]{subsection.8.5.1}{Cultural Sites}{section.8.5}% 88
\BOOKMARK [1][-]{section.8.6}{Vietnam and the Hoa Binh Dam}{chapter.8}% 89
\BOOKMARK [1][-]{section.8.7}{Long Lawen and Long Liam}{chapter.8}% 90
\BOOKMARK [2][-]{subsection.8.7.1}{Conclusion}{section.8.7}% 91
\BOOKMARK [0][-]{chapter.9}{The Political Ecology and Economy of Rice in Myanmar}{}% 92
\BOOKMARK [1][-]{section.9.1}{Introduction}{chapter.9}% 93
\BOOKMARK [1][-]{section.9.2}{Climate and Rice Production}{chapter.9}% 94
\BOOKMARK [1][-]{section.9.3}{Agricultural Production and Food Insecurity}{chapter.9}% 95
\BOOKMARK [1][-]{section.9.4}{Implications of Climate Change on Rice Production}{chapter.9}% 96
\BOOKMARK [2][-]{subsection.9.4.1}{Increasing Temperatures}{section.9.4}% 97
\BOOKMARK [2][-]{subsection.9.4.2}{Sea Level Rise}{section.9.4}% 98
\BOOKMARK [2][-]{subsection.9.4.3}{Precipitation and flooding}{section.9.4}% 99
\BOOKMARK [1][-]{section.9.5}{Cyclone Nargis}{chapter.9}% 100
\BOOKMARK [1][-]{section.9.6}{The Modern History of Rice Production in Myanmar}{chapter.9}% 101
\BOOKMARK [2][-]{subsection.9.6.1}{The 19th Century\205The Industrialization of Rice}{section.9.6}% 102
\BOOKMARK [2][-]{subsection.9.6.2}{The 20th Century\205Rice Production in an Era of Political Transition}{section.9.6}% 103
\BOOKMARK [2][-]{subsection.9.6.3}{The 21st Century-The Slow Process of Liberalization}{section.9.6}% 104
\BOOKMARK [1][-]{section.9.7}{Conclusion}{chapter.9}% 105
\BOOKMARK [0][-]{chapter.10}{Tropical Cyclones in the Philippines}{}% 106
\BOOKMARK [1][-]{section.10.1}{Tropical Cyclones in the Philippines}{chapter.10}% 107
\BOOKMARK [2][-]{subsection.10.1.1}{A Storm is Coming}{section.10.1}% 108
\BOOKMARK [2][-]{subsection.10.1.2}{Agriculture and Cyclone Vulnerability?}{section.10.1}% 109
\BOOKMARK [2][-]{subsection.10.1.3}{Ready or Not}{section.10.1}% 110
\BOOKMARK [2][-]{subsection.10.1.4}{Philippine Disaster Mitigation}{section.10.1}% 111
\BOOKMARK [2][-]{subsection.10.1.5}{A Changing Game}{section.10.1}% 112
\BOOKMARK [2][-]{subsection.10.1.6}{Tropical Cyclones and Climate Change}{section.10.1}% 113
\BOOKMARK [0][-]{chapter.11}{Climate Infrastructure in Vietnam}{}% 114
\BOOKMARK [1][-]{section.11.1}{Introductory}{chapter.11}% 115
\BOOKMARK [1][-]{section.11.2}{Conclusion}{chapter.11}% 116
\BOOKMARK [0][-]{chapter.12}{Coral Reefs, Ecosystem Services, and Indigenous Peoples}{}% 117
\BOOKMARK [1][-]{section.12.1}{Coral Reef Ecosystem Functioning and Interactions}{chapter.12}% 118
\BOOKMARK [2][-]{subsection.12.1.1}{Rainforests of the Sea}{section.12.1}% 119
\BOOKMARK [2][-]{subsection.12.1.2}{Coral Ecology}{section.12.1}% 120
\BOOKMARK [2][-]{subsection.12.1.3}{Reef Organisms and Trophic Interactions}{section.12.1}% 121
\BOOKMARK [2][-]{subsection.12.1.4}{Necessary Climate and Nutrients}{section.12.1}% 122
\BOOKMARK [2][-]{subsection.12.1.5}{Southeast Asian Reefs by Country}{section.12.1}% 123
\BOOKMARK [1][-]{section.12.2}{Climate Change and Its Effects on Coral Reefs}{chapter.12}% 124
\BOOKMARK [2][-]{subsection.12.2.1}{The Indigenous Paradox}{section.12.2}% 125
\BOOKMARK [2][-]{subsection.12.2.2}{Rising Sea Level}{section.12.2}% 126
\BOOKMARK [2][-]{subsection.12.2.3}{Ocean Warming and Acidification}{section.12.2}% 127
\BOOKMARK [2][-]{subsection.12.2.4}{Coral Bleaching}{section.12.2}% 128
\BOOKMARK [1][-]{section.12.3}{Unsustainable Fishing Practices}{chapter.12}% 129
\BOOKMARK [2][-]{subsection.12.3.1}{The Live Reef Fish Trade}{section.12.3}% 130
\BOOKMARK [2][-]{subsection.12.3.2}{Cyanide and Blast Fishing}{section.12.3}% 131
\BOOKMARK [2][-]{subsection.12.3.3}{Economic Motivations for Indigenous Peoples}{section.12.3}% 132
\BOOKMARK [1][-]{section.12.4}{Reefs Pollutants}{chapter.12}% 133
\BOOKMARK [2][-]{subsection.12.4.1}{Marine Debris and Ocean Contaminants}{section.12.4}% 134
\BOOKMARK [2][-]{subsection.12.4.2}{Development, Industrialization, and the Agta People}{section.12.4}% 135
\BOOKMARK [2][-]{subsection.12.4.3}{Deforestation and Agriculture}{section.12.4}% 136
\BOOKMARK [2][-]{subsection.12.4.4}{Coral Diseases}{section.12.4}% 137
\BOOKMARK [1][-]{section.12.5}{Reef Ecosystem Services}{chapter.12}% 138
\BOOKMARK [2][-]{subsection.12.5.1}{Biomedicine}{section.12.5}% 139
\BOOKMARK [2][-]{subsection.12.5.2}{Food Sources}{section.12.5}% 140
\BOOKMARK [2][-]{subsection.12.5.3}{Tourism and the Tagbanua}{section.12.5}% 141
\BOOKMARK [2][-]{subsection.12.5.4}{Coastline Protection}{section.12.5}% 142
\BOOKMARK [2][-]{subsection.12.5.5}{The Sentinelese People}{section.12.5}% 143
\BOOKMARK [1][-]{section.12.6}{Reef Restoration, Protection, and Conservation}{chapter.12}% 144
\BOOKMARK [2][-]{subsection.12.6.1}{Ecosystem Based Adaptations}{section.12.6}% 145
\BOOKMARK [2][-]{subsection.12.6.2}{Marine Protected Areas}{section.12.6}% 146
\BOOKMARK [2][-]{subsection.12.6.3}{Intersectional Efforts}{section.12.6}% 147
\BOOKMARK [1][-]{section.12.7}{Coral Reefs: Conclusion}{chapter.12}% 148
\BOOKMARK [0][-]{chapter.13}{Air Pollution \046 Social Justice in Hong Kong}{}% 149
\BOOKMARK [1][-]{section.13.1}{Opening}{chapter.13}% 150
\BOOKMARK [1][-]{section.13.2}{A Brief Overview of Hong Kong}{chapter.13}% 151
\BOOKMARK [1][-]{section.13.3}{Hong Kong's History}{chapter.13}% 152
\BOOKMARK [1][-]{section.13.4}{Air Pollution in Hong Kong}{chapter.13}% 153
\BOOKMARK [1][-]{section.13.5}{Air Pollution and Human Health}{chapter.13}% 154
\BOOKMARK [1][-]{section.13.6}{Population Density, Income Inequality, and Housing}{chapter.13}% 155
\BOOKMARK [2][-]{subsection.13.6.1}{Income Inequality and Zoning Laws}{section.13.6}% 156
\BOOKMARK [2][-]{subsection.13.6.2}{Public Housing}{section.13.6}% 157
\BOOKMARK [2][-]{subsection.13.6.3}{Economic Mobility}{section.13.6}% 158
\BOOKMARK [1][-]{section.13.7}{Indoor Air Pollution}{chapter.13}% 159
\BOOKMARK [1][-]{section.13.8}{Open Spaces and Other Patterns of Environmental Inequity}{chapter.13}% 160
\BOOKMARK [1][-]{section.13.9}{Environmental Activism in Hong Kong}{chapter.13}% 161
\BOOKMARK [1][-]{section.13.10}{Beyond Hong Kong}{chapter.13}% 162
\BOOKMARK [0][-]{chapter.14}{Environmental Economies East Asia}{}% 163
\BOOKMARK [1][-]{section.14.1}{Air Quality and Economics}{chapter.14}% 164
\BOOKMARK [2][-]{subsection.14.1.1}{COVID-19 and Environmental Health Threat}{section.14.1}% 165
\BOOKMARK [1][-]{section.14.2}{An Economist's View of the Environment}{chapter.14}% 166
\BOOKMARK [1][-]{section.14.3}{GDP as a Primary Measure of Growth}{chapter.14}% 167
\BOOKMARK [1][-]{section.14.4}{Environmental Economics and Ecological Economics}{chapter.14}% 168
\BOOKMARK [1][-]{section.14.5}{Sustainability and Sustainable Development}{chapter.14}% 169
\BOOKMARK [1][-]{section.14.6}{The Growth Debate}{chapter.14}% 170
\BOOKMARK [1][-]{section.14.7}{Case Study: The Environmental Performance Index \(EPI\)}{chapter.14}% 171
\BOOKMARK [1][-]{section.14.8}{The Environmental Kuznet's Curve: An Approach Used by Environmental Economists}{chapter.14}% 172
\BOOKMARK [2][-]{subsection.14.8.1}{EKG in East Asia}{section.14.8}% 173
\BOOKMARK [1][-]{section.14.9}{Conclusion}{chapter.14}% 174
\BOOKMARK [0][-]{chapter.15}{Unpacking Plastic Pollution and Recycling in Japan}{}% 175
\BOOKMARK [1][-]{section.15.1}{History of Plastic in Japan}{chapter.15}% 176
\BOOKMARK [2][-]{subsection.15.1.1}{Introduction}{section.15.1}% 177
\BOOKMARK [2][-]{subsection.15.1.2}{Urbanization}{section.15.1}% 178
\BOOKMARK [2][-]{subsection.15.1.3}{Cultural Significance of Packaging}{section.15.1}% 179
\BOOKMARK [2][-]{subsection.15.1.4}{Internal Plastic Demand}{section.15.1}% 180
\BOOKMARK [1][-]{section.15.2}{Problems of Plastic Pollution}{chapter.15}% 181
\BOOKMARK [2][-]{subsection.15.2.1}{Ocean Plastics and Ingestion}{section.15.2}% 182
\BOOKMARK [1][-]{section.15.3}{What Does Recycling Really Mean?}{chapter.15}% 183
\BOOKMARK [2][-]{subsection.15.3.1}{Recycling Laws and Public Cooperation}{section.15.3}% 184
\BOOKMARK [2][-]{subsection.15.3.2}{Incineration}{section.15.3}% 185
\BOOKMARK [2][-]{subsection.15.3.3}{The Global Plastic Trade}{section.15.3}% 186
\BOOKMARK [1][-]{section.15.4}{Conclusion and Moving Forward}{chapter.15}% 187
\BOOKMARK [2][-]{subsection.15.4.1}{Mitigation Efforts}{section.15.4}% 188
\BOOKMARK [2][-]{subsection.15.4.2}{Conclusion}{section.15.4}% 189
\BOOKMARK [0][-]{chapter.16}{Wastewater Management for a Circular Economy}{}% 190
\BOOKMARK [1][-]{section.16.1}{Overview}{chapter.16}% 191
\BOOKMARK [2][-]{subsection.16.1.1}{Linear Economy}{section.16.1}% 192
\BOOKMARK [2][-]{subsection.16.1.2}{Circular Economy}{section.16.1}% 193
\BOOKMARK [1][-]{section.16.2}{Water Is Life}{chapter.16}% 194
\BOOKMARK [1][-]{section.16.3}{Wastewater Systems}{chapter.16}% 195
\BOOKMARK [2][-]{subsection.16.3.1}{Open Defecation: Linear}{section.16.3}% 196
\BOOKMARK [2][-]{subsection.16.3.2}{Septic Systems: Linear}{section.16.3}% 197
\BOOKMARK [2][-]{subsection.16.3.3}{Vietnam’s Double-Vault Latrine: A Circular Treatment Comparison To Septic Systems }{section.16.3}% 198
\BOOKMARK [2][-]{subsection.16.3.4}{Municipal Utility Sewage Treatment: Linear}{section.16.3}% 199
\BOOKMARK [2][-]{subsection.16.3.5}{The Anaerobic Digester and Biogas: Circular Sewage Treatment}{section.16.3}% 200
\BOOKMARK [2][-]{subsection.16.3.6}{Phytoremediation: Wastewater Circularity}{section.16.3}% 201
\BOOKMARK [1][-]{section.16.4}{Linear Chemicals in Wastewater: Pesticides in Taiwan}{chapter.16}% 202
\BOOKMARK [2][-]{subsection.16.4.1}{Pesticides in Taipei Food Toxicology: \(further research is needed for drinking water\)}{section.16.4}% 203
\BOOKMARK [2][-]{subsection.16.4.2}{Circular Biopesticides: An Alternative To Hazardous Synthetic Pesticides}{section.16.4}% 204
\BOOKMARK [1][-]{section.16.5}{Further Research Needed: Linear Chemical Waste一``Forever Chemicals''}{chapter.16}% 205
\BOOKMARK [2][-]{subsection.16.5.1}{Household Products}{section.16.5}% 206
\BOOKMARK [1][-]{section.16.6}{Conclusion}{chapter.16}% 207
\BOOKMARK [-1][-]{part.1}{I Backmatter}{}% 208
